\BOOKMARK [1][-]{section.1}{\376\377\000I\000N\000T\000R\000O\000D\000U\000\307\000\303\000O}{}% 1
\BOOKMARK [1][-]{section.2}{\376\377\000D\000E\000S\000K\000\040\000R\000E\000S\000E\000A\000R\000C\000H}{}% 2
\BOOKMARK [1][-]{section.3}{\376\377\000B\000E\000N\000C\000H\000M\000A\000R\000K}{}% 3
\BOOKMARK [2][-]{subsection.3.1}{\376\377\000P\000r\000o\000j\000e\000t\000o\000\040\000R\000e\000d\000e\000\040\000B\000e\000m\000\040\000E\000s\000t\000a\000r\000\040\000\050\000A\000p\000p\000\040\000M\000a\000d\000u\000\040\000-\000\040\000I\000n\000s\000t\000i\000t\000u\000t\000o\000\040\000T\000e\000l\000l\000u\000s\000\051}{section.3}% 4
\BOOKMARK [2][-]{subsection.3.2}{\376\377\000M\000e\000m\000o\000r\000y\000b\000o\000a\000r\000d}{section.3}% 5
\BOOKMARK [2][-]{subsection.3.3}{\376\377\000O\000s\000c\000a\000r\000\040\000S\000e\000n\000i\000o\000r}{section.3}% 6
\BOOKMARK [2][-]{subsection.3.4}{\376\377\000C\000o\000n\000n\000e\000c\000t\000\040\000C\000a\000r\000e\000\040\000A\000p\000p}{section.3}% 7
\BOOKMARK [2][-]{subsection.3.5}{\376\377\000S\000i\000l\000v\000e\000r\000\040\000S\000u\000r\000f\000\040\000W\000e\000b\000\040\000B\000r\000o\000w\000s\000e\000r}{section.3}% 8
\BOOKMARK [1][-]{section.4}{\376\377\000R\000E\000Q\000U\000I\000S\000I\000T\000O\000S}{}% 9
\BOOKMARK [2][-]{subsection.4.1}{\376\377\000R\000e\000q\000u\000i\000s\000i\000t\000o\000s\000\040\000F\000u\000n\000c\000i\000o\000n\000a\000i\000s}{section.4}% 10
\BOOKMARK [2][-]{subsection.4.2}{\376\377\000R\000e\000q\000u\000i\000s\000i\000t\000o\000s\000\040\000N\000\343\000o\000\040\000F\000u\000n\000c\000i\000o\000n\000a\000i\000s}{section.4}% 11
\BOOKMARK [1][-]{section.5}{\376\377\000C\000A\000S\000O\000S\000\040\000D\000E\000\040\000U\000S\000O\000\040\000E\000\040\000D\000I\000A\000G\000R\000A\000M\000A\000S}{}% 12
\BOOKMARK [2][-]{subsection.5.1}{\376\377\000D\000i\000a\000g\000r\000a\000m\000a\000\040\000g\000e\000r\000a\000l\000\040\000d\000e\000\040\000c\000a\000s\000o\000s\000\040\000d\000e\000\040\000u\000s\000o}{section.5}% 13
\BOOKMARK [2][-]{subsection.5.2}{\376\377\000A\000s\000s\000i\000s\000t\000i\000r\000\040\000\340\000\040\000a\000u\000l\000a\000\040\000g\000r\000a\000v\000a\000d\000a}{section.5}% 14
\BOOKMARK [2][-]{subsection.5.3}{\376\377\000D\000i\000s\000p\000o\000n\000i\000b\000i\000l\000i\000z\000a\000r\000\040\000u\000m\000a\000\040\000a\000u\000l\000a\000\040\000g\000r\000a\000v\000a\000d\000a}{section.5}% 15
\BOOKMARK [2][-]{subsection.5.4}{\376\377\000P\000a\000r\000t\000i\000c\000i\000p\000a\000r\000\040\000d\000e\000\040\000e\000n\000c\000o\000n\000t\000r\000o\000\040\000a\000o\000\040\000v\000i\000v\000o}{section.5}% 16
\BOOKMARK [1][-]{section.6}{\376\377\000D\000I\000A\000G\000R\000A\000M\000A\000S\000\040\000D\000O\000\040\000P\000R\000O\000J\000E\000T\000O}{}% 17
\BOOKMARK [2][-]{subsection.6.1}{\376\377\000D\000i\000a\000g\000r\000a\000m\000a\000\040\000d\000e\000\040\000C\000l\000a\000s\000s\000e\000s}{section.6}% 18
\BOOKMARK [2][-]{subsection.6.2}{\376\377\000D\000i\000a\000g\000r\000a\000m\000a\000\040\000d\000e\000\040\000S\000e\000q\000u\000\352\000n\000c\000i\000a}{section.6}% 19
\BOOKMARK [2][-]{subsection.6.3}{\376\377\000D\000i\000a\000g\000r\000a\000m\000a\000\040\000d\000e\000\040\000A\000t\000i\000v\000i\000d\000a\000d\000e\000s}{section.6}% 20
\BOOKMARK [2][-]{subsection.6.4}{\376\377\000D\000i\000a\000g\000r\000a\000m\000a\000\040\000d\000e\000\040\000P\000a\000c\000o\000t\000e\000s}{section.6}% 21
\BOOKMARK [1][-]{section.7}{\376\377\000A\000R\000Q\000U\000I\000T\000E\000T\000U\000R\000A}{}% 22
